{"C:\\Users\\bdsir\\OneDrive\\Desktop\\Personal EHR\\EHR-System\\backend\\models\\Allergies.js": {"path":"C:\\Users\\bdsir\\OneDrive\\Desktop\\Personal EHR\\EHR-System\\backend\\models\\Allergies.js","statementMap":{"0":{"start":{"line":1,"column":18},"end":{"line":1,"column":38}},"1":{"start":{"line":2,"column":0},"end":{"line":28,"column":2}},"2":{"start":{"line":3,"column":2},"end":{"line":27,"column":5}}},"fnMap":{"0":{"name":"(anonymous_0)","decl":{"start":{"line":2,"column":17},"end":{"line":2,"column":18}},"loc":{"start":{"line":2,"column":48},"end":{"line":28,"column":1}},"line":2}},"branchMap":{},"s":{"0":1,"1":1,"2":1},"f":{"0":1},"b":{},"_coverageSchema":"1a1c01bbd47fc00a2c39e90264f33305004495a9","hash":"8320134ceb7459ca55b7a79387cd0ee77f1c6d6b"}
,"C:\\Users\\bdsir\\OneDrive\\Desktop\\Personal EHR\\EHR-System\\backend\\models\\IOandADL.js": {"path":"C:\\Users\\bdsir\\OneDrive\\Desktop\\Personal EHR\\EHR-System\\backend\\models\\IOandADL.js","statementMap":{"0":{"start":{"line":1,"column":18},"end":{"line":1,"column":38}},"1":{"start":{"line":2,"column":0},"end":{"line":86,"column":2}},"2":{"start":{"line":3,"column":2},"end":{"line":85,"column":5}}},"fnMap":{"0":{"name":"(anonymous_0)","decl":{"start":{"line":2,"column":17},"end":{"line":2,"column":18}},"loc":{"start":{"line":2,"column":48},"end":{"line":86,"column":1}},"line":2}},"branchMap":{},"s":{"0":1,"1":1,"2":1},"f":{"0":1},"b":{},"_coverageSchema":"1a1c01bbd47fc00a2c39e90264f33305004495a9","hash":"627508127a8633954c9dd8ec25393edc0073b7de"}
,"C:\\Users\\bdsir\\OneDrive\\Desktop\\Personal EHR\\EHR-System\\backend\\models\\IVandLines.js": {"path":"C:\\Users\\bdsir\\OneDrive\\Desktop\\Personal EHR\\EHR-System\\backend\\models\\IVandLines.js","statementMap":{"0":{"start":{"line":1,"column":18},"end":{"line":1,"column":38}},"1":{"start":{"line":2,"column":0},"end":{"line":58,"column":2}},"2":{"start":{"line":3,"column":2},"end":{"line":57,"column":5}}},"fnMap":{"0":{"name":"(anonymous_0)","decl":{"start":{"line":2,"column":17},"end":{"line":2,"column":18}},"loc":{"start":{"line":2,"column":48},"end":{"line":58,"column":1}},"line":2}},"branchMap":{},"s":{"0":1,"1":1,"2":1},"f":{"0":1},"b":{},"_coverageSchema":"1a1c01bbd47fc00a2c39e90264f33305004495a9","hash":"03d0b5b0347e68d9aeca613a2eea4586a9887582"}
,"C:\\Users\\bdsir\\OneDrive\\Desktop\\Personal EHR\\EHR-System\\backend\\models\\Immunizations.js": {"path":"C:\\Users\\bdsir\\OneDrive\\Desktop\\Personal EHR\\EHR-System\\backend\\models\\Immunizations.js","statementMap":{"0":{"start":{"line":1,"column":18},"end":{"line":1,"column":38}},"1":{"start":{"line":2,"column":0},"end":{"line":28,"column":2}},"2":{"start":{"line":3,"column":2},"end":{"line":27,"column":5}}},"fnMap":{"0":{"name":"(anonymous_0)","decl":{"start":{"line":2,"column":17},"end":{"line":2,"column":18}},"loc":{"start":{"line":2,"column":48},"end":{"line":28,"column":1}},"line":2}},"branchMap":{},"s":{"0":1,"1":1,"2":1},"f":{"0":1},"b":{},"_coverageSchema":"1a1c01bbd47fc00a2c39e90264f33305004495a9","hash":"296a08775e05261478d1bd9b00f3dcb8f3d8d25f"}
,"C:\\Users\\bdsir\\OneDrive\\Desktop\\Personal EHR\\EHR-System\\backend\\models\\Instructor.js": {"path":"C:\\Users\\bdsir\\OneDrive\\Desktop\\Personal EHR\\EHR-System\\backend\\models\\Instructor.js","statementMap":{"0":{"start":{"line":1,"column":18},"end":{"line":1,"column":38}},"1":{"start":{"line":2,"column":0},"end":{"line":44,"column":2}},"2":{"start":{"line":3,"column":2},"end":{"line":43,"column":5}}},"fnMap":{"0":{"name":"(anonymous_0)","decl":{"start":{"line":2,"column":17},"end":{"line":2,"column":18}},"loc":{"start":{"line":2,"column":48},"end":{"line":44,"column":1}},"line":2}},"branchMap":{},"s":{"0":1,"1":1,"2":1},"f":{"0":1},"b":{},"_coverageSchema":"1a1c01bbd47fc00a2c39e90264f33305004495a9","hash":"58e35e10f7dd4b89aef18f49fb70c6a1f084192c"}
,"C:\\Users\\bdsir\\OneDrive\\Desktop\\Personal EHR\\EHR-System\\backend\\models\\LabValues.js": {"path":"C:\\Users\\bdsir\\OneDrive\\Desktop\\Personal EHR\\EHR-System\\backend\\models\\LabValues.js","statementMap":{"0":{"start":{"line":1,"column":0},"end":{"line":109,"column":2}},"1":{"start":{"line":2,"column":2},"end":{"line":108,"column":5}}},"fnMap":{"0":{"name":"(anonymous_0)","decl":{"start":{"line":1,"column":17},"end":{"line":1,"column":18}},"loc":{"start":{"line":1,"column":48},"end":{"line":109,"column":1}},"line":1}},"branchMap":{},"s":{"0":1,"1":1},"f":{"0":1},"b":{},"_coverageSchema":"1a1c01bbd47fc00a2c39e90264f33305004495a9","hash":"04d648d6d04b76fe37aad578fbf1af76e5da37d9"}
,"C:\\Users\\bdsir\\OneDrive\\Desktop\\Personal EHR\\EHR-System\\backend\\models\\MedRec.js": {"path":"C:\\Users\\bdsir\\OneDrive\\Desktop\\Personal EHR\\EHR-System\\backend\\models\\MedRec.js","statementMap":{"0":{"start":{"line":1,"column":0},"end":{"line":37,"column":2}},"1":{"start":{"line":2,"column":17},"end":{"line":34,"column":4}},"2":{"start":{"line":36,"column":2},"end":{"line":36,"column":16}}},"fnMap":{"0":{"name":"(anonymous_0)","decl":{"start":{"line":1,"column":17},"end":{"line":1,"column":18}},"loc":{"start":{"line":1,"column":48},"end":{"line":37,"column":1}},"line":1}},"branchMap":{},"s":{"0":1,"1":1,"2":1},"f":{"0":1},"b":{},"_coverageSchema":"1a1c01bbd47fc00a2c39e90264f33305004495a9","hash":"474a602e47728eb60abd1d8607fe624c0f737520"}
,"C:\\Users\\bdsir\\OneDrive\\Desktop\\Personal EHR\\EHR-System\\backend\\models\\Medicine.js": {"path":"C:\\Users\\bdsir\\OneDrive\\Desktop\\Personal EHR\\EHR-System\\backend\\models\\Medicine.js","statementMap":{"0":{"start":{"line":1,"column":18},"end":{"line":1,"column":38}},"1":{"start":{"line":2,"column":0},"end":{"line":28,"column":2}},"2":{"start":{"line":3,"column":2},"end":{"line":27,"column":5}}},"fnMap":{"0":{"name":"(anonymous_0)","decl":{"start":{"line":2,"column":17},"end":{"line":2,"column":18}},"loc":{"start":{"line":2,"column":48},"end":{"line":28,"column":1}},"line":2}},"branchMap":{},"s":{"0":1,"1":1,"2":1},"f":{"0":1},"b":{},"_coverageSchema":"1a1c01bbd47fc00a2c39e90264f33305004495a9","hash":"069b626f7fff02e982eaa3e9e68e684ec6ef57cc"}
,"C:\\Users\\bdsir\\OneDrive\\Desktop\\Personal EHR\\EHR-System\\backend\\models\\Notes.js": {"path":"C:\\Users\\bdsir\\OneDrive\\Desktop\\Personal EHR\\EHR-System\\backend\\models\\Notes.js","statementMap":{"0":{"start":{"line":1,"column":18},"end":{"line":1,"column":38}},"1":{"start":{"line":3,"column":0},"end":{"line":53,"column":2}},"2":{"start":{"line":4,"column":16},"end":{"line":50,"column":4}},"3":{"start":{"line":52,"column":2},"end":{"line":52,"column":15}}},"fnMap":{"0":{"name":"(anonymous_0)","decl":{"start":{"line":3,"column":17},"end":{"line":3,"column":18}},"loc":{"start":{"line":3,"column":48},"end":{"line":53,"column":1}},"line":3}},"branchMap":{},"s":{"0":1,"1":1,"2":1,"3":1},"f":{"0":1},"b":{},"_coverageSchema":"1a1c01bbd47fc00a2c39e90264f33305004495a9","hash":"a706b99a5c6d9cdba65afd6d8880482eaa4c4411"}
,"C:\\Users\\bdsir\\OneDrive\\Desktop\\Personal EHR\\EHR-System\\backend\\models\\Orders.js": {"path":"C:\\Users\\bdsir\\OneDrive\\Desktop\\Personal EHR\\EHR-System\\backend\\models\\Orders.js","statementMap":{"0":{"start":{"line":1,"column":18},"end":{"line":1,"column":38}},"1":{"start":{"line":2,"column":0},"end":{"line":50,"column":2}},"2":{"start":{"line":3,"column":2},"end":{"line":49,"column":5}}},"fnMap":{"0":{"name":"(anonymous_0)","decl":{"start":{"line":2,"column":17},"end":{"line":2,"column":18}},"loc":{"start":{"line":2,"column":48},"end":{"line":50,"column":1}},"line":2}},"branchMap":{},"s":{"0":1,"1":1,"2":1},"f":{"0":1},"b":{},"_coverageSchema":"1a1c01bbd47fc00a2c39e90264f33305004495a9","hash":"a96d5903921a82e8db48ad6bdc195ab377eaa118"}
,"C:\\Users\\bdsir\\OneDrive\\Desktop\\Personal EHR\\EHR-System\\backend\\models\\Patient.js": {"path":"C:\\Users\\bdsir\\OneDrive\\Desktop\\Personal EHR\\EHR-System\\backend\\models\\Patient.js","statementMap":{"0":{"start":{"line":1,"column":18},"end":{"line":1,"column":38}},"1":{"start":{"line":3,"column":0},"end":{"line":132,"column":2}},"2":{"start":{"line":4,"column":2},"end":{"line":131,"column":5}}},"fnMap":{"0":{"name":"(anonymous_0)","decl":{"start":{"line":3,"column":17},"end":{"line":3,"column":18}},"loc":{"start":{"line":3,"column":48},"end":{"line":132,"column":1}},"line":3}},"branchMap":{},"s":{"0":2,"1":2,"2":2},"f":{"0":2},"b":{},"_coverageSchema":"1a1c01bbd47fc00a2c39e90264f33305004495a9","hash":"2fed9755b228a6cf0c920179ef63ade0932682e9"}
,"C:\\Users\\bdsir\\OneDrive\\Desktop\\Personal EHR\\EHR-System\\backend\\models\\PatientHistory.js": {"path":"C:\\Users\\bdsir\\OneDrive\\Desktop\\Personal EHR\\EHR-System\\backend\\models\\PatientHistory.js","statementMap":{"0":{"start":{"line":1,"column":18},"end":{"line":1,"column":38}},"1":{"start":{"line":2,"column":0},"end":{"line":60,"column":2}},"2":{"start":{"line":3,"column":2},"end":{"line":59,"column":5}}},"fnMap":{"0":{"name":"(anonymous_0)","decl":{"start":{"line":2,"column":17},"end":{"line":2,"column":18}},"loc":{"start":{"line":2,"column":48},"end":{"line":60,"column":1}},"line":2}},"branchMap":{},"s":{"0":1,"1":1,"2":1},"f":{"0":1},"b":{},"_coverageSchema":"1a1c01bbd47fc00a2c39e90264f33305004495a9","hash":"833c94a1f3bd3ee4669a43656459cb6de87d0fde"}
,"C:\\Users\\bdsir\\OneDrive\\Desktop\\Personal EHR\\EHR-System\\backend\\models\\Patient_Allergy.js": {"path":"C:\\Users\\bdsir\\OneDrive\\Desktop\\Personal EHR\\EHR-System\\backend\\models\\Patient_Allergy.js","statementMap":{"0":{"start":{"line":1,"column":18},"end":{"line":1,"column":38}},"1":{"start":{"line":2,"column":0},"end":{"line":45,"column":2}},"2":{"start":{"line":3,"column":2},"end":{"line":44,"column":5}}},"fnMap":{"0":{"name":"(anonymous_0)","decl":{"start":{"line":2,"column":17},"end":{"line":2,"column":18}},"loc":{"start":{"line":2,"column":48},"end":{"line":45,"column":1}},"line":2}},"branchMap":{},"s":{"0":1,"1":1,"2":1},"f":{"0":1},"b":{},"_coverageSchema":"1a1c01bbd47fc00a2c39e90264f33305004495a9","hash":"9cedfb7ddda51bde0967371ff545bac5e838aeeb"}
,"C:\\Users\\bdsir\\OneDrive\\Desktop\\Personal EHR\\EHR-System\\backend\\models\\Patient_Immunization.js": {"path":"C:\\Users\\bdsir\\OneDrive\\Desktop\\Personal EHR\\EHR-System\\backend\\models\\Patient_Immunization.js","statementMap":{"0":{"start":{"line":1,"column":18},"end":{"line":1,"column":38}},"1":{"start":{"line":2,"column":0},"end":{"line":51,"column":2}},"2":{"start":{"line":3,"column":2},"end":{"line":50,"column":5}}},"fnMap":{"0":{"name":"(anonymous_0)","decl":{"start":{"line":2,"column":17},"end":{"line":2,"column":18}},"loc":{"start":{"line":2,"column":48},"end":{"line":51,"column":1}},"line":2}},"branchMap":{},"s":{"0":1,"1":1,"2":1},"f":{"0":1},"b":{},"_coverageSchema":"1a1c01bbd47fc00a2c39e90264f33305004495a9","hash":"be6bbd7de5b9b96d5dbb99103a283c62e70c6c7e"}
,"C:\\Users\\bdsir\\OneDrive\\Desktop\\Personal EHR\\EHR-System\\backend\\models\\PlanofCare.js": {"path":"C:\\Users\\bdsir\\OneDrive\\Desktop\\Personal EHR\\EHR-System\\backend\\models\\PlanofCare.js","statementMap":{"0":{"start":{"line":1,"column":18},"end":{"line":1,"column":38}},"1":{"start":{"line":2,"column":0},"end":{"line":61,"column":2}},"2":{"start":{"line":3,"column":2},"end":{"line":60,"column":5}}},"fnMap":{"0":{"name":"(anonymous_0)","decl":{"start":{"line":2,"column":17},"end":{"line":2,"column":18}},"loc":{"start":{"line":2,"column":48},"end":{"line":61,"column":1}},"line":2}},"branchMap":{},"s":{"0":1,"1":1,"2":1},"f":{"0":1},"b":{},"_coverageSchema":"1a1c01bbd47fc00a2c39e90264f33305004495a9","hash":"c0ed48b073edc313c6e36ab884af55445e7ee943"}
,"C:\\Users\\bdsir\\OneDrive\\Desktop\\Personal EHR\\EHR-System\\backend\\models\\Sections.js": {"path":"C:\\Users\\bdsir\\OneDrive\\Desktop\\Personal EHR\\EHR-System\\backend\\models\\Sections.js","statementMap":{"0":{"start":{"line":1,"column":18},"end":{"line":1,"column":38}},"1":{"start":{"line":2,"column":0},"end":{"line":42,"column":2}},"2":{"start":{"line":3,"column":2},"end":{"line":41,"column":5}}},"fnMap":{"0":{"name":"(anonymous_0)","decl":{"start":{"line":2,"column":17},"end":{"line":2,"column":18}},"loc":{"start":{"line":2,"column":48},"end":{"line":42,"column":1}},"line":2}},"branchMap":{},"s":{"0":1,"1":1,"2":1},"f":{"0":1},"b":{},"_coverageSchema":"1a1c01bbd47fc00a2c39e90264f33305004495a9","hash":"2738da1d7ffa9e8e6a16e39f1cad02e94b2c9db6"}
,"C:\\Users\\bdsir\\OneDrive\\Desktop\\Personal EHR\\EHR-System\\backend\\models\\SequelizeMeta.js": {"path":"C:\\Users\\bdsir\\OneDrive\\Desktop\\Personal EHR\\EHR-System\\backend\\models\\SequelizeMeta.js","statementMap":{"0":{"start":{"line":1,"column":18},"end":{"line":1,"column":38}},"1":{"start":{"line":2,"column":0},"end":{"line":32,"column":2}},"2":{"start":{"line":3,"column":2},"end":{"line":31,"column":5}}},"fnMap":{"0":{"name":"(anonymous_0)","decl":{"start":{"line":2,"column":17},"end":{"line":2,"column":18}},"loc":{"start":{"line":2,"column":48},"end":{"line":32,"column":1}},"line":2}},"branchMap":{},"s":{"0":1,"1":1,"2":1},"f":{"0":1},"b":{},"_coverageSchema":"1a1c01bbd47fc00a2c39e90264f33305004495a9","hash":"d342cea27aecd97bb49162ec5ffb95ddbb473658"}
,"C:\\Users\\bdsir\\OneDrive\\Desktop\\Personal EHR\\EHR-System\\backend\\models\\Student.js": {"path":"C:\\Users\\bdsir\\OneDrive\\Desktop\\Personal EHR\\EHR-System\\backend\\models\\Student.js","statementMap":{"0":{"start":{"line":1,"column":18},"end":{"line":1,"column":38}},"1":{"start":{"line":2,"column":0},"end":{"line":56,"column":2}},"2":{"start":{"line":3,"column":2},"end":{"line":55,"column":5}}},"fnMap":{"0":{"name":"(anonymous_0)","decl":{"start":{"line":2,"column":17},"end":{"line":2,"column":18}},"loc":{"start":{"line":2,"column":48},"end":{"line":56,"column":1}},"line":2}},"branchMap":{},"s":{"0":1,"1":1,"2":2},"f":{"0":2},"b":{},"_coverageSchema":"1a1c01bbd47fc00a2c39e90264f33305004495a9","hash":"a0f7febd951fae0d67832312a92b29fd6d614c9a"}
,"C:\\Users\\bdsir\\OneDrive\\Desktop\\Personal EHR\\EHR-System\\backend\\models\\VitalSigns.js": {"path":"C:\\Users\\bdsir\\OneDrive\\Desktop\\Personal EHR\\EHR-System\\backend\\models\\VitalSigns.js","statementMap":{"0":{"start":{"line":1,"column":18},"end":{"line":1,"column":38}},"1":{"start":{"line":3,"column":0},"end":{"line":48,"column":2}},"2":{"start":{"line":4,"column":4},"end":{"line":46,"column":7}}},"fnMap":{"0":{"name":"(anonymous_0)","decl":{"start":{"line":3,"column":17},"end":{"line":3,"column":18}},"loc":{"start":{"line":3,"column":48},"end":{"line":48,"column":1}},"line":3}},"branchMap":{},"s":{"0":1,"1":1,"2":1},"f":{"0":1},"b":{},"_coverageSchema":"1a1c01bbd47fc00a2c39e90264f33305004495a9","hash":"64e8d0f0391ce5d242a1e5edef798e2c9cbe9c6e"}
,"C:\\Users\\bdsir\\OneDrive\\Desktop\\Personal EHR\\EHR-System\\backend\\models\\init-models.js": {"path":"C:\\Users\\bdsir\\OneDrive\\Desktop\\Personal EHR\\EHR-System\\backend\\models\\init-models.js","statementMap":{"0":{"start":{"line":1,"column":16},"end":{"line":1,"column":46}},"1":{"start":{"line":2,"column":17},"end":{"line":2,"column":39}},"2":{"start":{"line":3,"column":16},"end":{"line":3,"column":37}},"3":{"start":{"line":4,"column":18},"end":{"line":4,"column":41}},"4":{"start":{"line":5,"column":21},"end":{"line":5,"column":47}},"5":{"start":{"line":6,"column":18},"end":{"line":6,"column":41}},"6":{"start":{"line":7,"column":17},"end":{"line":7,"column":39}},"7":{"start":{"line":8,"column":16},"end":{"line":8,"column":37}},"8":{"start":{"line":9,"column":13},"end":{"line":9,"column":31}},"9":{"start":{"line":10,"column":14},"end":{"line":10,"column":33}},"10":{"start":{"line":11,"column":15},"end":{"line":11,"column":35}},"11":{"start":{"line":12,"column":23},"end":{"line":12,"column":51}},"12":{"start":{"line":13,"column":28},"end":{"line":13,"column":61}},"13":{"start":{"line":14,"column":18},"end":{"line":14,"column":41}},"14":{"start":{"line":15,"column":16},"end":{"line":15,"column":37}},"15":{"start":{"line":16,"column":21},"end":{"line":16,"column":47}},"16":{"start":{"line":17,"column":15},"end":{"line":17,"column":35}},"17":{"start":{"line":18,"column":24},"end":{"line":18,"column":53}},"18":{"start":{"line":19,"column":21},"end":{"line":19,"column":47}},"19":{"start":{"line":20,"column":14},"end":{"line":20,"column":33}},"20":{"start":{"line":21,"column":22},"end":{"line":21,"column":49}},"21":{"start":{"line":22,"column":18},"end":{"line":22,"column":41}},"22":{"start":{"line":23,"column":14},"end":{"line":23,"column":33}},"23":{"start":{"line":30,"column":18},"end":{"line":30,"column":50}},"24":{"start":{"line":31,"column":17},"end":{"line":31,"column":48}},"25":{"start":{"line":32,"column":19},"end":{"line":32,"column":52}},"26":{"start":{"line":33,"column":22},"end":{"line":33,"column":58}},"27":{"start":{"line":34,"column":19},"end":{"line":34,"column":52}},"28":{"start":{"line":35,"column":18},"end":{"line":35,"column":50}},"29":{"start":{"line":36,"column":17},"end":{"line":36,"column":48}},"30":{"start":{"line":37,"column":14},"end":{"line":37,"column":42}},"31":{"start":{"line":38,"column":15},"end":{"line":38,"column":44}},"32":{"start":{"line":39,"column":16},"end":{"line":39,"column":46}},"33":{"start":{"line":40,"column":24},"end":{"line":40,"column":62}},"34":{"start":{"line":41,"column":29},"end":{"line":41,"column":72}},"35":{"start":{"line":42,"column":19},"end":{"line":42,"column":52}},"36":{"start":{"line":43,"column":17},"end":{"line":43,"column":48}},"37":{"start":{"line":44,"column":22},"end":{"line":44,"column":58}},"38":{"start":{"line":45,"column":16},"end":{"line":45,"column":46}},"39":{"start":{"line":46,"column":25},"end":{"line":46,"column":64}},"40":{"start":{"line":47,"column":22},"end":{"line":47,"column":58}},"41":{"start":{"line":48,"column":15},"end":{"line":48,"column":44}},"42":{"start":{"line":49,"column":23},"end":{"line":49,"column":60}},"43":{"start":{"line":50,"column":19},"end":{"line":50,"column":52}},"44":{"start":{"line":51,"column":15},"end":{"line":51,"column":44}},"45":{"start":{"line":56,"column":2},"end":{"line":56,"column":142}},"46":{"start":{"line":57,"column":2},"end":{"line":57,"column":176}},"47":{"start":{"line":58,"column":2},"end":{"line":58,"column":155}},"48":{"start":{"line":59,"column":2},"end":{"line":59,"column":148}},"49":{"start":{"line":60,"column":2},"end":{"line":60,"column":143}},"50":{"start":{"line":61,"column":2},"end":{"line":61,"column":164}},"51":{"start":{"line":62,"column":2},"end":{"line":62,"column":135}},"52":{"start":{"line":63,"column":2},"end":{"line":63,"column":129}},"53":{"start":{"line":64,"column":2},"end":{"line":64,"column":84}},"54":{"start":{"line":65,"column":2},"end":{"line":65,"column":92}},"55":{"start":{"line":66,"column":2},"end":{"line":66,"column":101}},"56":{"start":{"line":67,"column":2},"end":{"line":67,"column":109}},"57":{"start":{"line":68,"column":2},"end":{"line":68,"column":84}},"58":{"start":{"line":69,"column":2},"end":{"line":69,"column":80}},"59":{"start":{"line":70,"column":2},"end":{"line":70,"column":81}},"60":{"start":{"line":71,"column":2},"end":{"line":71,"column":87}},"61":{"start":{"line":73,"column":2},"end":{"line":73,"column":73}},"62":{"start":{"line":74,"column":2},"end":{"line":74,"column":81}},"63":{"start":{"line":75,"column":2},"end":{"line":75,"column":75}},"64":{"start":{"line":76,"column":2},"end":{"line":76,"column":75}},"65":{"start":{"line":77,"column":2},"end":{"line":77,"column":77}},"66":{"start":{"line":78,"column":2},"end":{"line":78,"column":78}},"67":{"start":{"line":79,"column":2},"end":{"line":79,"column":76}},"68":{"start":{"line":80,"column":2},"end":{"line":80,"column":76}},"69":{"start":{"line":81,"column":2},"end":{"line":81,"column":73}},"70":{"start":{"line":82,"column":2},"end":{"line":82,"column":70}},"71":{"start":{"line":83,"column":2},"end":{"line":83,"column":82}},"72":{"start":{"line":84,"column":2},"end":{"line":84,"column":90}},"73":{"start":{"line":85,"column":2},"end":{"line":85,"column":87}},"74":{"start":{"line":86,"column":2},"end":{"line":86,"column":99}},"75":{"start":{"line":87,"column":2},"end":{"line":87,"column":77}},"76":{"start":{"line":88,"column":2},"end":{"line":88,"column":79}},"77":{"start":{"line":89,"column":2},"end":{"line":89,"column":83}},"78":{"start":{"line":90,"column":2},"end":{"line":90,"column":91}},"79":{"start":{"line":91,"column":2},"end":{"line":91,"column":80}},"80":{"start":{"line":92,"column":2},"end":{"line":92,"column":85}},"81":{"start":{"line":93,"column":2},"end":{"line":93,"column":73}},"82":{"start":{"line":94,"column":2},"end":{"line":94,"column":70}},"83":{"start":{"line":95,"column":2},"end":{"line":95,"column":75}},"84":{"start":{"line":96,"column":2},"end":{"line":96,"column":74}},"85":{"start":{"line":97,"column":2},"end":{"line":97,"column":81}},"86":{"start":{"line":98,"column":2},"end":{"line":98,"column":81}},"87":{"start":{"line":99,"column":2},"end":{"line":99,"column":74}},"88":{"start":{"line":100,"column":2},"end":{"line":100,"column":75}},"89":{"start":{"line":101,"column":2},"end":{"line":101,"column":77}},"90":{"start":{"line":102,"column":0},"end":{"line":102,"column":76}},"91":{"start":{"line":103,"column":0},"end":{"line":103,"column":70}},"92":{"start":{"line":104,"column":0},"end":{"line":104,"column":67}},"93":{"start":{"line":108,"column":2},"end":{"line":132,"column":4}},"94":{"start":{"line":136,"column":0},"end":{"line":136,"column":28}},"95":{"start":{"line":137,"column":0},"end":{"line":137,"column":39}},"96":{"start":{"line":138,"column":0},"end":{"line":138,"column":36}}},"fnMap":{"0":{"name":"initModels","decl":{"start":{"line":27,"column":9},"end":{"line":27,"column":19}},"loc":{"start":{"line":27,"column":31},"end":{"line":135,"column":1}},"line":27}},"branchMap":{},"s":{"0":1,"1":1,"2":1,"3":1,"4":1,"5":1,"6":1,"7":1,"8":1,"9":1,"10":1,"11":1,"12":1,"13":1,"14":1,"15":1,"16":1,"17":1,"18":1,"19":1,"20":1,"21":1,"22":1,"23":1,"24":1,"25":1,"26":1,"27":1,"28":1,"29":1,"30":1,"31":1,"32":1,"33":1,"34":1,"35":1,"36":1,"37":1,"38":1,"39":1,"40":1,"41":1,"42":1,"43":1,"44":1,"45":1,"46":1,"47":1,"48":1,"49":1,"50":1,"51":1,"52":1,"53":1,"54":1,"55":1,"56":1,"57":1,"58":1,"59":1,"60":1,"61":1,"62":1,"63":1,"64":1,"65":1,"66":1,"67":1,"68":1,"69":1,"70":1,"71":1,"72":1,"73":1,"74":1,"75":1,"76":1,"77":1,"78":1,"79":1,"80":1,"81":1,"82":1,"83":1,"84":1,"85":1,"86":1,"87":1,"88":1,"89":1,"90":1,"91":1,"92":1,"93":1,"94":1,"95":1,"96":1},"f":{"0":1},"b":{},"_coverageSchema":"1a1c01bbd47fc00a2c39e90264f33305004495a9","hash":"1470e2f13d6774ebeb4097fae5489f79b8174f94"}
,"C:\\Users\\bdsir\\OneDrive\\Desktop\\Personal EHR\\EHR-System\\backend\\models\\medicine_patient.js": {"path":"C:\\Users\\bdsir\\OneDrive\\Desktop\\Personal EHR\\EHR-System\\backend\\models\\medicine_patient.js","statementMap":{"0":{"start":{"line":1,"column":18},"end":{"line":1,"column":38}},"1":{"start":{"line":3,"column":0},"end":{"line":56,"column":2}},"2":{"start":{"line":4,"column":2},"end":{"line":55,"column":5}}},"fnMap":{"0":{"name":"(anonymous_0)","decl":{"start":{"line":3,"column":17},"end":{"line":3,"column":18}},"loc":{"start":{"line":3,"column":48},"end":{"line":56,"column":1}},"line":3}},"branchMap":{},"s":{"0":1,"1":1,"2":1},"f":{"0":1},"b":{},"_coverageSchema":"1a1c01bbd47fc00a2c39e90264f33305004495a9","hash":"28488f19d62e51e5ede183d0d4f77ffe8ab0bd89"}
,"C:\\Users\\bdsir\\OneDrive\\Desktop\\Personal EHR\\EHR-System\\backend\\models\\notes_patient.js": {"path":"C:\\Users\\bdsir\\OneDrive\\Desktop\\Personal EHR\\EHR-System\\backend\\models\\notes_patient.js","statementMap":{"0":{"start":{"line":1,"column":18},"end":{"line":1,"column":38}},"1":{"start":{"line":2,"column":0},"end":{"line":45,"column":2}},"2":{"start":{"line":3,"column":2},"end":{"line":44,"column":5}}},"fnMap":{"0":{"name":"(anonymous_0)","decl":{"start":{"line":2,"column":17},"end":{"line":2,"column":18}},"loc":{"start":{"line":2,"column":48},"end":{"line":45,"column":1}},"line":2}},"branchMap":{},"s":{"0":1,"1":1,"2":1},"f":{"0":1},"b":{},"_coverageSchema":"1a1c01bbd47fc00a2c39e90264f33305004495a9","hash":"a47481a335836ca8ae64b8c693df824aaf4b5748"}
,"C:\\Users\\bdsir\\OneDrive\\Desktop\\Personal EHR\\EHR-System\\backend\\models\\wounds.js": {"path":"C:\\Users\\bdsir\\OneDrive\\Desktop\\Personal EHR\\EHR-System\\backend\\models\\wounds.js","statementMap":{"0":{"start":{"line":1,"column":18},"end":{"line":1,"column":38}},"1":{"start":{"line":2,"column":0},"end":{"line":57,"column":2}},"2":{"start":{"line":3,"column":2},"end":{"line":56,"column":5}}},"fnMap":{"0":{"name":"(anonymous_0)","decl":{"start":{"line":2,"column":17},"end":{"line":2,"column":18}},"loc":{"start":{"line":2,"column":48},"end":{"line":57,"column":1}},"line":2}},"branchMap":{},"s":{"0":1,"1":1,"2":1},"f":{"0":1},"b":{},"_coverageSchema":"1a1c01bbd47fc00a2c39e90264f33305004495a9","hash":"035ff30ccf8e6b5e6c46ca3b0de1a856cbaa982e"}
,"C:\\Users\\bdsir\\OneDrive\\Desktop\\Personal EHR\\EHR-System\\backend\\routes\\database.js": {"path":"C:\\Users\\bdsir\\OneDrive\\Desktop\\Personal EHR\\EHR-System\\backend\\routes\\database.js","statementMap":{"0":{"start":{"line":1,"column":22},"end":{"line":1,"column":54}},"1":{"start":{"line":2,"column":0},"end":{"line":2,"column":27}},"2":{"start":{"line":5,"column":18},"end":{"line":7,"column":2}},"3":{"start":{"line":10,"column":19},"end":{"line":10,"column":54}},"4":{"start":{"line":13,"column":15},"end":{"line":13,"column":36}},"5":{"start":{"line":16,"column":0},"end":{"line":16,"column":39}}},"fnMap":{},"branchMap":{},"s":{"0":1,"1":1,"2":1,"3":1,"4":1,"5":1},"f":{},"b":{},"_coverageSchema":"1a1c01bbd47fc00a2c39e90264f33305004495a9","hash":"9e7077c2373039acdbbe9005822eaaea49b9d13a"}
}
